<?xml version="1.0" encoding="UTF-8"?>
<!-- Generated by org.testng.reporters.JUnitReportReporter -->
<testsuite skipped="0" hostname="DMarkov" name="denisqa.app.APItest" tests="2" failures="0" timestamp="31 Jul 2019 10:27:15 GMT" time="0.013" errors="0">
  <testcase name="deleteTwitter" time="0.011" classname="denisqa.app.APItest"/>
  <testcase name="postJira" time="0.002" classname="denisqa.app.APItest"/>
</testsuite> <!-- denisqa.app.APItest -->
