<?xml version="1.0" encoding="UTF-8"?>
<!-- Generated by org.testng.reporters.JUnitReportReporter -->
<testsuite skipped="0" hostname="DMarkov" name="denisqa.app.APITest" tests="2" failures="0" timestamp="27 Sep 2019 21:45:37 GMT" time="0.006" errors="0">
  <testcase name="postJira" time="0.000" classname="denisqa.app.APITest"/>
  <testcase name="deleteTwitter" time="0.006" classname="denisqa.app.APITest"/>
</testsuite> <!-- denisqa.app.APITest -->
